<?xml version="1.0" encoding="UTF-8"?>
<!-- Generated by org.testng.reporters.JUnitReportReporter -->
<testsuite hostname="FFE-Bandi-Saiteja" failures="0" tests="7" name="deepakSirChallanges.IotDevices1" time="5.219" errors="0" timestamp="2025-11-04T15:13:17 IST" skipped="0">
  <testcase classname="deepakSirChallanges.IotDevices1" name="iotAutomation" time="0.553"/>
  <testcase classname="deepakSirChallanges.IotDevices1" name="iotAutomation" time="0.539"/>
  <testcase classname="deepakSirChallanges.IotDevices1" name="iotAutomation" time="0.551"/>
  <testcase classname="deepakSirChallanges.IotDevices1" name="iotAutomation" time="0.557"/>
  <testcase classname="deepakSirChallanges.IotDevices1" name="iotAutomation" time="0.552"/>
  <testcase classname="deepakSirChallanges.IotDevices1" name="iotAutomation" time="1.920"/>
  <testcase classname="deepakSirChallanges.IotDevices1" name="iotAutomation" time="0.547"/>
</testsuite> <!-- deepakSirChallanges.IotDevices1 -->
